#
# A fatal error has been detected by the Java Runtime Environment:
#
#  EXCEPTION_ACCESS_VIOLATION (0xc0000005) at pc=0x67cf84d3, pid=7912, tid=28676
#
# JRE version: Java(TM) SE Runtime Environment (8.0_20-b26) (build 1.8.0_20-b26)
# Java VM: Java HotSpot(TM) Client VM (25.20-b23 mixed mode windows-x86 )
# Problematic frame:
# V  [jvm.dll+0x1084d3]
#
# Failed to write core dump. Minidumps are not enabled by default on client versions of Windows
#
# If you would like to submit a bug report, please visit:
#   http://bugreport.sun.com/bugreport/crash.jsp
#

---------------  T H R E A D  ---------------

Current thread (0x00b3c800):  JavaThread "JDWP Transport Listener: dt_socket" daemon [_thread_in_vm, id=28676, stack(0x15190000,0x151e0000)]

siginfo: ExceptionCode=0xc0000005, writing address 0x537a5628

Registers:
EAX=0x00be8000, EBX=0x00000005, ECX=0x00bc5668, EDX=0x14af7ff0
ESP=0x151df3c4, EBP=0x151df3f0, ESI=0x00000005, EDI=0x14af85c0
EIP=0x67cf84d3, EFLAGS=0x00010206

Top of Stack: (sp=0x151df3c4)
0x151df3c4:   008f7c38 04803f00 00b3c800 00b3c800
0x151df3d4:   00b39c58 00b3ca78 00b3ca80 00b3cb6c
0x151df3e4:   000000ec 151df650 14af7ff0 151df424
0x151df3f4:   67e0323e 00bc5668 151df44c 151df448
0x151df404:   151df4ac 00000000 00b41168 00b3c800
0x151df414:   00000000 00000000 00000000 00b3c800
0x151df424:   151df450 708a449d 008f7c38 00b41168
0x151df434:   151df44c 151df448 151df46c 151df4a8 

Instructions: (pc=0x67cf84d3)
0x67cf84b3:   00 00 00 8b 8f e4 00 00 00 8b 44 b2 04 8b 4c b1
0x67cf84c3:   04 89 45 fc e8 54 77 f5 ff 8b 4d 08 8b 55 fc 46
0x67cf84d3:   89 04 91 3b f3 7c d6 eb 1e 85 db 7e 1a 8b 87 e4
0x67cf84e3:   00 00 00 8b 4c b0 04 e8 31 77 f5 ff 8b 4d 08 89 


Register to memory mapping:

EAX=0x00be8000 is an unknown value
EBX=0x00000005 is an unknown value
ECX=0x00bc5668 is an unknown value
EDX=0x14af7ff0 is pointing into metadata
ESP=0x151df3c4 is pointing into the stack for thread: 0x00b3c800
EBP=0x151df3f0 is pointing into the stack for thread: 0x00b3c800
ESI=0x00000005 is an unknown value
EDI=0x14af85c0 is pointing into metadata


Stack: [0x15190000,0x151e0000],  sp=0x151df3c4,  free space=316k
Native frames: (J=compiled Java code, j=interpreted, Vv=VM code, C=native code)
V  [jvm.dll+0x1084d3]
V  [jvm.dll+0x21323e]
C  [jdwp.dll+0x449d]
C  [jdwp.dll+0x451e]
C  0x676e6131


---------------  P R O C E S S  ---------------

Java Threads: ( => current thread )
  0x00bcb000 JavaThread "Service Thread" daemon [_thread_blocked, id=9608, stack(0x153d0000,0x15420000)]
  0x00bce800 JavaThread "C1 CompilerThread0" daemon [_thread_blocked, id=25328, stack(0x15340000,0x15390000)]
  0x00b43000 JavaThread "JDWP Command Reader" daemon [_thread_in_native, id=26860, stack(0x152b0000,0x15300000)]
  0x00b3e000 JavaThread "JDWP Event Helper Thread" daemon [_thread_blocked, id=26564, stack(0x15220000,0x15270000)]
=>0x00b3c800 JavaThread "JDWP Transport Listener: dt_socket" daemon [_thread_in_vm, id=28676, stack(0x15190000,0x151e0000)]
  0x00b2fc00 JavaThread "Attach Listener" daemon [_thread_blocked, id=14056, stack(0x14dc0000,0x14e10000)]
  0x00b2d800 JavaThread "Signal Dispatcher" daemon [_thread_blocked, id=25668, stack(0x14d30000,0x14d80000)]
  0x00b09400 JavaThread "Finalizer" daemon [_thread_blocked, id=14556, stack(0x14ca0000,0x14cf0000)]
  0x00b03c00 JavaThread "Reference Handler" daemon [_thread_blocked, id=24376, stack(0x04780000,0x047d0000)]
  0x008fd000 JavaThread "main" [_thread_blocked, id=27628, stack(0x02660000,0x026b0000)]

Other Threads:
  0x00afc400 VMThread [stack: 0x046f0000,0x04740000] [id=12788]
  0x00bcc400 WatcherThread [stack: 0x15460000,0x154b0000] [id=12896]

VM state:not at safepoint (normal execution)

VM Mutex/Monitor currently owned by a thread: None

Heap:
 def new generation   total 4928K, used 731K [0x04800000, 0x04d50000, 0x09d50000)
  eden space 4416K,   4% used [0x04800000, 0x04836c70, 0x04c50000)
  from space 512K, 100% used [0x04cd0000, 0x04d50000, 0x04d50000)
  to   space 512K,   0% used [0x04c50000, 0x04c50000, 0x04cd0000)
 tenured generation   total 10944K, used 516K [0x09d50000, 0x0a800000, 0x14800000)
   the space 10944K,   4% used [0x09d50000, 0x09dd1308, 0x09dd1400, 0x0a800000)
 Metaspace       used 3026K, capacity 3058K, committed 3136K, reserved 4480K

Card table byte_map: [0x006c0000,0x00750000] byte_map_base: 0x0069c000

Polling page: 0x00150000

CodeCache: size=32768Kb used=698Kb max_used=698Kb free=32069Kb
 bounds [0x026b0000, 0x02760000, 0x046b0000]
 total_blobs=176 nmethods=40 adapters=76
 compilation: enabled

Compilation events (10 events):
Event: 2.117 Thread 0x00bce800   36             java.lang.String::getChars (62 bytes)
Event: 2.117 Thread 0x00bce800 nmethod 36 0x0275cdc8 code [0x0275cf20, 0x0275d170]
Event: 2.117 Thread 0x00bce800   37             java.lang.Character::toLowerCase (9 bytes)
Event: 2.117 Thread 0x00bce800 nmethod 37 0x0275d408 code [0x0275d510, 0x0275d5b8]
Event: 2.117 Thread 0x00bce800   38             java.lang.CharacterDataLatin1::toLowerCase (39 bytes)
Event: 2.117 Thread 0x00bce800 nmethod 38 0x0275d648 code [0x0275d740, 0x0275d820]
Event: 2152.915 Thread 0x00bce800   39             org.eclipse.jdt.launching.internal.org.objectweb.asm.ClassReader::readUTF (161 bytes)
Event: 2152.916 Thread 0x00bce800 nmethod 39 0x0275d908 code [0x0275da30, 0x0275dccc]
Event: 2152.916 Thread 0x00bce800   40             org.eclipse.jdt.launching.internal.org.objectweb.asm.ByteVector::putUTF8 (142 bytes)
Event: 2152.917 Thread 0x00bce800 nmethod 40 0x0275e0c8 code [0x0275e220, 0x0275e510]

GC Heap History (2 events):
Event: 2.124 GC heap before
{Heap before GC invocations=0 (full 0):
 def new generation   total 4928K, used 4416K [0x04800000, 0x04d50000, 0x09d50000)
  eden space 4416K, 100% used [0x04800000, 0x04c50000, 0x04c50000)
  from space 512K,   0% used [0x04c50000, 0x04c50000, 0x04cd0000)
  to   space 512K,   0% used [0x04cd0000, 0x04cd0000, 0x04d50000)
 tenured generation   total 10944K, used 0K [0x09d50000, 0x0a800000, 0x14800000)
   the space 10944K,   0% used [0x09d50000, 0x09d50000, 0x09d50200, 0x0a800000)
 Metaspace       used 3009K, capacity 3058K, committed 3136K, reserved 4480K
Event: 2.127 GC heap after
Heap after GC invocations=1 (full 0):
 def new generation   total 4928K, used 512K [0x04800000, 0x04d50000, 0x09d50000)
  eden space 4416K,   0% used [0x04800000, 0x04800000, 0x04c50000)
  from space 512K, 100% used [0x04cd0000, 0x04d50000, 0x04d50000)
  to   space 512K,   0% used [0x04c50000, 0x04c50000, 0x04cd0000)
 tenured generation   total 10944K, used 516K [0x09d50000, 0x0a800000, 0x14800000)
   the space 10944K,   4% used [0x09d50000, 0x09dd1308, 0x09dd1400, 0x0a800000)
 Metaspace       used 3009K, capacity 3058K, committed 3136K, reserved 4480K
}

Deoptimization events (0 events):
No events

Internal exceptions (10 events):
Event: 2.107 Thread 0x008fd000 Exception <a 'java/security/PrivilegedActionException'> (0x04c066b8) thrown at [D:\re\workspace\8-2-build-windows-i586-cygwin\jdk8u20\1074\hotspot\src\share\vm\prims\jvm.cpp, line 1275]
Event: 2.108 Thread 0x008fd000 Exception <a 'java/security/PrivilegedActionException'> (0x04c0acc8) thrown at [D:\re\workspace\8-2-build-windows-i586-cygwin\jdk8u20\1074\hotspot\src\share\vm\prims\jvm.cpp, line 1275]
Event: 2.110 Thread 0x008fd000 Exception <a 'java/security/PrivilegedActionException'> (0x04c0fa70) thrown at [D:\re\workspace\8-2-build-windows-i586-cygwin\jdk8u20\1074\hotspot\src\share\vm\prims\jvm.cpp, line 1275]
Event: 2.112 Thread 0x008fd000 Exception <a 'java/security/PrivilegedActionException'> (0x04c162d8) thrown at [D:\re\workspace\8-2-build-windows-i586-cygwin\jdk8u20\1074\hotspot\src\share\vm\prims\jvm.cpp, line 1275]
Event: 2.112 Thread 0x008fd000 Exception <a 'java/security/PrivilegedActionException'> (0x04c1c6a8) thrown at [D:\re\workspace\8-2-build-windows-i586-cygwin\jdk8u20\1074\hotspot\src\share\vm\prims\jvm.cpp, line 1275]
Event: 2.116 Thread 0x008fd000 Exception <a 'java/security/PrivilegedActionException'> (0x04c21338) thrown at [D:\re\workspace\8-2-build-windows-i586-cygwin\jdk8u20\1074\hotspot\src\share\vm\prims\jvm.cpp, line 1275]
Event: 2.118 Thread 0x008fd000 Exception <a 'java/security/PrivilegedActionException'> (0x04c33cb8) thrown at [D:\re\workspace\8-2-build-windows-i586-cygwin\jdk8u20\1074\hotspot\src\share\vm\prims\jvm.cpp, line 1275]
Event: 2.121 Thread 0x008fd000 Exception <a 'java/security/PrivilegedActionException'> (0x04c385f8) thrown at [D:\re\workspace\8-2-build-windows-i586-cygwin\jdk8u20\1074\hotspot\src\share\vm\prims\jvm.cpp, line 1275]
Event: 2.122 Thread 0x008fd000 Exception <a 'java/security/PrivilegedActionException'> (0x04c403f0) thrown at [D:\re\workspace\8-2-build-windows-i586-cygwin\jdk8u20\1074\hotspot\src\share\vm\prims\jvm.cpp, line 1275]
Event: 2.123 Thread 0x008fd000 Exception <a 'java/security/PrivilegedActionException'> (0x04c45470) thrown at [D:\re\workspace\8-2-build-windows-i586-cygwin\jdk8u20\1074\hotspot\src\share\vm\prims\jvm.cpp, line 1275]

Events (10 events):
Event: 2152.896 Executing VM operation: GetCurrentLocation
Event: 2152.896 Executing VM operation: GetCurrentLocation done
Event: 2152.896 Executing VM operation: EnterInterpOnlyMode
Event: 2152.896 Executing VM operation: EnterInterpOnlyMode done
Event: 2152.896 Executing VM operation: ChangeSingleStep
Event: 2152.896 Executing VM operation: ChangeSingleStep done
Event: 2152.896 Executing VM operation: ChangeSingleStep
Event: 2152.896 Executing VM operation: ChangeSingleStep done
Event: 2152.918 Executing VM operation: RedefineClasses
Event: 2152.919 Executing VM operation: RedefineClasses done


Dynamic libraries:
0x00e50000 - 0x00e80000 	C:\Program Files (x86)\Java\jdk1.8.0_20\bin\javaw.exe
0x77980000 - 0x77b10000 	C:\WINDOWS\SYSTEM32\ntdll.dll
0x76200000 - 0x762e0000 	C:\WINDOWS\System32\KERNEL32.DLL
0x745a0000 - 0x74784000 	C:\WINDOWS\System32\KERNELBASE.dll
0x741b0000 - 0x7422f000 	C:\WINDOWS\System32\SYSFER.DLL
0x76e50000 - 0x76ec8000 	C:\WINDOWS\System32\ADVAPI32.dll
0x762e0000 - 0x7639f000 	C:\WINDOWS\System32\msvcrt.dll
0x74350000 - 0x74394000 	C:\WINDOWS\System32\sechost.dll
0x77430000 - 0x774f0000 	C:\WINDOWS\System32\RPCRT4.dll
0x74240000 - 0x74260000 	C:\WINDOWS\System32\SspiCli.dll
0x74230000 - 0x7423a000 	C:\WINDOWS\System32\CRYPTBASE.dll
0x761a0000 - 0x761f8000 	C:\WINDOWS\System32\bcryptPrimitives.dll
0x77130000 - 0x772bd000 	C:\WINDOWS\System32\USER32.dll
0x744c0000 - 0x744d7000 	C:\WINDOWS\System32\win32u.dll
0x76c40000 - 0x76c62000 	C:\WINDOWS\System32\GDI32.dll
0x769c0000 - 0x76b24000 	C:\WINDOWS\System32\gdi32full.dll
0x76d90000 - 0x76e0d000 	C:\WINDOWS\System32\msvcp_win.dll
0x76c70000 - 0x76d8e000 	C:\WINDOWS\System32\ucrtbase.dll
0x6ef80000 - 0x6f184000 	C:\WINDOWS\WinSxS\x86_microsoft.windows.common-controls_6595b64144ccf1df_6.0.17134.590_none_42ead2d644e6098e\COMCTL32.dll
0x76ed0000 - 0x7712c000 	C:\WINDOWS\System32\combase.dll
0x74490000 - 0x744b6000 	C:\WINDOWS\System32\IMM32.DLL
0x67fa0000 - 0x6805f000 	C:\Program Files (x86)\Java\jdk1.8.0_20\jre\bin\msvcr100.dll
0x67bf0000 - 0x67f92000 	C:\Program Files (x86)\Java\jdk1.8.0_20\jre\bin\client\jvm.dll
0x743a0000 - 0x743a6000 	C:\WINDOWS\System32\PSAPI.DLL
0x72e90000 - 0x72e98000 	C:\WINDOWS\SYSTEM32\WSOCK32.dll
0x774f0000 - 0x77557000 	C:\WINDOWS\System32\WS2_32.dll
0x6ac30000 - 0x6ac54000 	C:\WINDOWS\SYSTEM32\WINMM.dll
0x6ac00000 - 0x6ac23000 	C:\WINDOWS\SYSTEM32\winmmbase.dll
0x76e10000 - 0x76e49000 	C:\WINDOWS\System32\cfgmgr32.dll
0x68c00000 - 0x68c0c000 	C:\Program Files (x86)\Java\jdk1.8.0_20\jre\bin\verify.dll
0x68bd0000 - 0x68bf1000 	C:\Program Files (x86)\Java\jdk1.8.0_20\jre\bin\java.dll
0x708a0000 - 0x708c9000 	C:\Program Files (x86)\Java\jdk1.8.0_20\jre\bin\jdwp.dll
0x70890000 - 0x70897000 	C:\Program Files (x86)\Java\jdk1.8.0_20\jre\bin\npt.dll
0x6cd90000 - 0x6cdb0000 	C:\Program Files (x86)\Java\jdk1.8.0_20\jre\bin\instrument.dll
0x67bd0000 - 0x67be3000 	C:\Program Files (x86)\Java\jdk1.8.0_20\jre\bin\zip.dll
0x74790000 - 0x75ada000 	C:\WINDOWS\System32\SHELL32.dll
0x760b0000 - 0x76138000 	C:\WINDOWS\System32\shcore.dll
0x75ae0000 - 0x7609a000 	C:\WINDOWS\System32\windows.storage.dll
0x74540000 - 0x74585000 	C:\WINDOWS\System32\shlwapi.dll
0x744e0000 - 0x744ef000 	C:\WINDOWS\System32\kernel.appcore.dll
0x743b0000 - 0x743c8000 	C:\WINDOWS\System32\profapi.dll
0x744f0000 - 0x74535000 	C:\WINDOWS\System32\powrprof.dll
0x76b30000 - 0x76b38000 	C:\WINDOWS\System32\FLTLIB.DLL
0x70860000 - 0x70868000 	C:\Program Files (x86)\Java\jdk1.8.0_20\jre\bin\dt_socket.dll
0x70720000 - 0x70731000 	C:\WINDOWS\system32\napinsp.dll
0x70700000 - 0x70716000 	C:\WINDOWS\system32\pnrpnsp.dll
0x706e0000 - 0x706f3000 	C:\WINDOWS\system32\NLAapi.dll
0x73650000 - 0x736a6000 	C:\WINDOWS\System32\mswsock.dll
0x71d40000 - 0x71dce000 	C:\WINDOWS\SYSTEM32\DNSAPI.dll
0x74590000 - 0x74597000 	C:\WINDOWS\System32\NSI.dll
0x72ea0000 - 0x72ed0000 	C:\WINDOWS\SYSTEM32\IPHLPAPI.DLL
0x716d0000 - 0x716dc000 	C:\WINDOWS\System32\winrnr.dll
0x706c0000 - 0x706d1000 	C:\WINDOWS\System32\wshbth.dll
0x71c10000 - 0x71c5f000 	C:\WINDOWS\System32\fwpuclnt.dll
0x735f0000 - 0x73609000 	C:\WINDOWS\SYSTEM32\bcrypt.dll
0x71bd0000 - 0x71bd8000 	C:\Windows\System32\rasadhlp.dll
0x736e0000 - 0x73862000 	C:\WINDOWS\SYSTEM32\dbghelp.dll

VM Arguments:
jvm_args: -agentlib:jdwp=transport=dt_socket,suspend=y,address=localhost:49682 -javaagent:D:\Eclipse\eclips\configuration\org.eclipse.osgi\419\0\.cp\lib\javaagent-shaded.jar -Dfile.encoding=UTF-8 
java_command: com.alysoft.algo.greedy.DoomBakesCakes
java_class_path (initial): D:\Sufi_Docs\git_projects\algorithms\bin;D:\Eclipse\eclips\configuration\org.eclipse.osgi\419\0\.cp\lib\javaagent-shaded.jar
Launcher Type: SUN_STANDARD

Environment Variables:
JAVA_HOME=C:\Program Files (x86)\Java\jdk1.8.0_20
JRE_HOME=C:\Program Files (x86)\Java\jdk1.8.0_20\jre
PATH=C:\Program Files (x86)\Java\jdk1.8.0_20\jre\bin;C:\ProgramData\Oracle\Java\javapath;D:\Oracle\OraClient11g\bin;C:\Program Files (x86)\Intel\Intel(R) Management Engine Components\iCLS\;C:\Program Files\Intel\Intel(R) Management Engine Components\iCLS\;C:\WINDOWS\system32;C:\WINDOWS;C:\WINDOWS\System32\Wbem;C:\WINDOWS\System32\WindowsPowerShell\v1.0\;C:\Program Files\Intel\WiFi\bin\;C:\Program Files\Common Files\Intel\WirelessCommon\;C:\Program Files (x86)\Intel\Intel(R) Management Engine Components\DAL;C:\Program Files\Intel\Intel(R) Management Engine Components\DAL;C:\Program Files (x86)\Intel\Intel(R) Management Engine Components\IPT;C:\Program Files\Intel\Intel(R) Management Engine Components\IPT;C:\Program Files (x86)\nodejs\;C:\Program Files (x86)\Git\cmd;C:\Program Files (x86)\Java\jdk1.8.0_20\bin;C:\cvs-1-11-22\;D:\Sufi_Docs\Softwares\Apache\apache-ant-1.8.4\bin;C:\Program Files\PuTTY\;C:\Python27\;C:\Python27\Scripts;C:\Users\ymohammad\AppData\Local\Android\Sdk\platform-tools;C:\Users\ymohammad\AppData\Local\Android\Sdk\tools;C:\Users\ymohammad\AppData\Local\Android\Sdk\tools\bin;D:\Sufi_Docs\Softwares\gradle-4.10.3\bin;D:\Sufi_Docs\Softwares\glassfish4\glassfish\bin;C:\WINDOWS\System32\OpenSSH\;C:\Program Files\TortoiseSVN\bin;C:\Program Files\Liquid Technologies\Liquid Studio 2018\XmlDataBinder16\Redist16\cpp\win32\bin;C:\Program Files\Liquid Technologies\Liquid Studio 2018\XmlDataBinder16\Redist16\cpp\win64\bin;C:\Program Files (x86)\CrSSL\bin;D:\Sufi_Docs\Softwares\Apache\apache-maven-3.6.0\bin;C:\Program Files (x86)\wkhtmltopdf\bin;C:\Users\ymohammad\AppData\Local\Programs\Microsoft VS Code\bin;C:\Users\ymohammad\AppData\Roaming\npm;%DASHLANE_DLL_DIR%;%USERPROFILE%\AppData\Local\Microsoft\WindowsApps;C:\Users\ymohammad\tre\UITester\testtri2triniticom\clib;
USERNAME=ymohammad
OS=Windows_NT
PROCESSOR_IDENTIFIER=Intel64 Family 6 Model 142 Stepping 9, GenuineIntel



---------------  S Y S T E M  ---------------

OS: Windows 8.1 , 64 bit Build 9600 

CPU:total 4 (2 cores per cpu, 2 threads per core) family 6 model 142 stepping 9, cmov, cx8, fxsr, mmx, sse, sse2, sse3, ssse3, sse4.1, sse4.2, popcnt, avx, avx2, aes, clmul, erms, lzcnt, ht, tsc, tscinvbit, bmi1, bmi2

Memory: 4k page, physical 8001104k(1343876k free), swap 23747120k(7467796k free)

vm_info: Java HotSpot(TM) Client VM (25.20-b23) for windows-x86 JRE (1.8.0_20-b26), built on Jul 30 2014 18:14:41 by "java_re" with MS VC++ 10.0 (VS2010)

time: Fri Mar 29 23:57:31 2019
elapsed time: 2153 seconds (0d 0h 35m 53s)

